<?xml version="1.0" encoding="UTF-8"?>
<testng-results ignored="0" total="4" passed="4" failed="0" skipped="0">
  <reporter-output>
  </reporter-output>
  <suite started-at="2025-01-12T10:00:32 IST" name="Default suite" finished-at="2025-01-12T10:00:32 IST" duration-ms="97">
    <groups>
    </groups>
    <test started-at="2025-01-12T10:00:32 IST" name="Default test" finished-at="2025-01-12T10:00:32 IST" duration-ms="97">
      <class name="collectiondemo.hashmapdemo.TestCases">
        <test-method signature="verifyMixtureIsdeliverableForpincode(java.lang.String)[pri:0, instance:collectiondemo.hashmapdemo.TestCases@2d1ef81a]" started-at="2025-01-12T10:00:32 IST" name="verifyMixtureIsdeliverableForpincode" data-provider="pincodes Data" finished-at="2025-01-12T10:00:32 IST" duration-ms="13" status="PASS">
          <params>
            <param index="0">
              <value>
                <![CDATA[565455]]>
              </value>
            </param>
          </params>
          <reporter-output>
          </reporter-output>
        </test-method> <!-- verifyMixtureIsdeliverableForpincode -->
        <test-method signature="verifyMixtureIsdeliverableForpincode(java.lang.String)[pri:0, instance:collectiondemo.hashmapdemo.TestCases@2d1ef81a]" started-at="2025-01-12T10:00:32 IST" name="verifyMixtureIsdeliverableForpincode" data-provider="pincodes Data" finished-at="2025-01-12T10:00:32 IST" duration-ms="2" status="PASS">
          <params>
            <param index="0">
              <value>
                <![CDATA[686432]]>
              </value>
            </param>
          </params>
          <reporter-output>
          </reporter-output>
        </test-method> <!-- verifyMixtureIsdeliverableForpincode -->
        <test-method signature="verifyMixtureIsdeliverableForpincode(java.lang.String)[pri:0, instance:collectiondemo.hashmapdemo.TestCases@2d1ef81a]" started-at="2025-01-12T10:00:32 IST" name="verifyMixtureIsdeliverableForpincode" data-provider="pincodes Data" finished-at="2025-01-12T10:00:32 IST" duration-ms="0" status="PASS">
          <params>
            <param index="0">
              <value>
                <![CDATA[565455]]>
              </value>
            </param>
          </params>
          <reporter-output>
          </reporter-output>
        </test-method> <!-- verifyMixtureIsdeliverableForpincode -->
        <test-method signature="verifyMixtureIsdeliverableForpincode(java.lang.String)[pri:0, instance:collectiondemo.hashmapdemo.TestCases@2d1ef81a]" started-at="2025-01-12T10:00:32 IST" name="verifyMixtureIsdeliverableForpincode" data-provider="pincodes Data" finished-at="2025-01-12T10:00:32 IST" duration-ms="1" status="PASS">
          <params>
            <param index="0">
              <value>
                <![CDATA[686432]]>
              </value>
            </param>
          </params>
          <reporter-output>
          </reporter-output>
        </test-method> <!-- verifyMixtureIsdeliverableForpincode -->
      </class> <!-- collectiondemo.hashmapdemo.TestCases -->
    </test> <!-- Default test -->
  </suite> <!-- Default suite -->
</testng-results>
