<?xml version="1.0" encoding="UTF-8"?>
<!-- Generated by org.testng.reporters.JUnitXMLReporter -->
<testsuite ignored="0" hostname="DESKTOP-ILDQG2H" failures="0" tests="4" name="Default test" time="0.097" errors="0" timestamp="2025-01-12T10:00:32 IST">
  <testcase classname="collectiondemo.hashmapdemo.TestCases" name="verifyMixtureIsdeliverableForpincode" time="0.013"/>
  <testcase classname="collectiondemo.hashmapdemo.TestCases" name="verifyMixtureIsdeliverableForpincode" time="0.002"/>
  <testcase classname="collectiondemo.hashmapdemo.TestCases" name="verifyMixtureIsdeliverableForpincode" time="0.0"/>
  <testcase classname="collectiondemo.hashmapdemo.TestCases" name="verifyMixtureIsdeliverableForpincode" time="0.001"/>
</testsuite> <!-- Default test -->
